This is pdfTeX, Version 3.14159265-2.6-1.40.21 (TeX Live 2020) (preloaded format=pdflatex 2021.2.3)  21 FEB 2021 16:08
entering extended mode
 restricted \write18 enabled.
 file:line:error style messages enabled.
 %&-line parsing enabled.
**/Users/jorgenr/Documents/MATLAB/TTK4135-Optimization-and-Control/Template/main.tex
(/Users/jorgenr/Documents/MATLAB/TTK4135-Optimization-and-Control/Template/main.tex
LaTeX2e <2020-02-02> patch level 5
L3 programming layer <2020-03-06>

! LaTeX Error: File `../NTNUoving.cls' not found.

Type X to quit or <RETURN> to proceed,
or enter new name. (Default extension: cls)

Enter file name: 
/Users/jorgenr/Documents/MATLAB/TTK4135-Optimization-and-Control/Template/main.tex:2: Emergency stop.
<read *> 
         
l.2 \usepackage
               [utf8]{inputenc}^^M
*** (cannot \read from terminal in nonstop modes)

 
Here is how much of TeX's memory you used:
 24 strings out of 482056
 757 string characters out of 5937676
 235851 words of memory out of 5000000
 15803 multiletter control sequences out of 15000+600000
 532338 words of font info for 24 fonts, out of 8000000 for 9000
 319 hyphenation exceptions out of 8191
 14i,0n,17p,166b,10s stack positions out of 5000i,500n,10000p,200000b,80000s
/Users/jorgenr/Documents/MATLAB/TTK4135-Optimization-and-Control/Template/main.tex:2:  ==> Fatal error occurred, no output PDF file produced!
